<?xml version="1.0" encoding="UTF-8"?>
<testsuite name="com.edwinkam.blackjack.BlackjackApplicationTests" tests="1" skipped="0" failures="0" errors="0" timestamp="2024-01-04T01:26:22" hostname="Edwins-MacBook-Pro.local" time="0.179">
  <properties/>
  <testcase name="contextLoads()" classname="com.edwinkam.blackjack.BlackjackApplicationTests" time="0.179"/>
  <system-out><![CDATA[17:26:16.231 [Test worker] DEBUG org.springframework.test.context.BootstrapUtils - Instantiating CacheAwareContextLoaderDelegate from class [org.springframework.test.context.cache.DefaultCacheAwareContextLoaderDelegate]
17:26:16.236 [Test worker] DEBUG org.springframework.test.context.BootstrapUtils - Instantiating BootstrapContext using constructor [public org.springframework.test.context.support.DefaultBootstrapContext(java.lang.Class,org.springframework.test.context.CacheAwareContextLoaderDelegate)]
17:26:16.253 [Test worker] DEBUG org.springframework.test.context.BootstrapUtils - Instantiating TestContextBootstrapper for test class [com.edwinkam.blackjack.BlackjackApplicationTests] from class [org.springframework.boot.test.context.SpringBootTestContextBootstrapper]
17:26:16.257 [Test worker] INFO org.springframework.boot.test.context.SpringBootTestContextBootstrapper - Neither @ContextConfiguration nor @ContextHierarchy found for test class [com.edwinkam.blackjack.BlackjackApplicationTests], using SpringBootContextLoader
17:26:16.259 [Test worker] DEBUG org.springframework.test.context.support.AbstractContextLoader - Did not detect default resource location for test class [com.edwinkam.blackjack.BlackjackApplicationTests]: class path resource [com/edwinkam/blackjack/BlackjackApplicationTests-context.xml] does not exist
17:26:16.259 [Test worker] DEBUG org.springframework.test.context.support.AbstractContextLoader - Did not detect default resource location for test class [com.edwinkam.blackjack.BlackjackApplicationTests]: class path resource [com/edwinkam/blackjack/BlackjackApplicationTestsContext.groovy] does not exist
17:26:16.259 [Test worker] INFO org.springframework.test.context.support.AbstractContextLoader - Could not detect default resource locations for test class [com.edwinkam.blackjack.BlackjackApplicationTests]: no resource found for suffixes {-context.xml, Context.groovy}.
17:26:16.260 [Test worker] INFO org.springframework.test.context.support.AnnotationConfigContextLoaderUtils - Could not detect default configuration classes for test class [com.edwinkam.blackjack.BlackjackApplicationTests]: BlackjackApplicationTests does not declare any static, non-private, non-final, nested classes annotated with @Configuration.
17:26:16.278 [Test worker] DEBUG org.springframework.test.context.support.ActiveProfilesUtils - Could not find an 'annotation declaring class' for annotation type [org.springframework.test.context.ActiveProfiles] and class [com.edwinkam.blackjack.BlackjackApplicationTests]
17:26:16.303 [Test worker] DEBUG org.springframework.context.annotation.ClassPathScanningCandidateComponentProvider - Identified candidate component class: file [/Users/edwinkam/Documents/projects/blackjack-server/build/classes/java/main/com/edwinkam/blackjack/BlackjackApplication.class]
17:26:16.303 [Test worker] INFO org.springframework.boot.test.context.SpringBootTestContextBootstrapper - Found @SpringBootConfiguration com.edwinkam.blackjack.BlackjackApplication for test class com.edwinkam.blackjack.BlackjackApplicationTests
17:26:16.344 [Test worker] DEBUG org.springframework.boot.test.context.SpringBootTestContextBootstrapper - @TestExecutionListeners is not present for class [com.edwinkam.blackjack.BlackjackApplicationTests]: using defaults.
17:26:16.344 [Test worker] INFO org.springframework.boot.test.context.SpringBootTestContextBootstrapper - Loaded default TestExecutionListener class names from location [META-INF/spring.factories]: [org.springframework.boot.test.autoconfigure.restdocs.RestDocsTestExecutionListener, org.springframework.boot.test.autoconfigure.web.client.MockRestServiceServerResetTestExecutionListener, org.springframework.boot.test.autoconfigure.web.servlet.MockMvcPrintOnlyOnFailureTestExecutionListener, org.springframework.boot.test.autoconfigure.web.servlet.WebDriverTestExecutionListener, org.springframework.boot.test.autoconfigure.webservices.client.MockWebServiceServerTestExecutionListener, org.springframework.boot.test.mock.mockito.MockitoTestExecutionListener, org.springframework.boot.test.mock.mockito.ResetMocksTestExecutionListener, org.springframework.test.context.web.ServletTestExecutionListener, org.springframework.test.context.support.DirtiesContextBeforeModesTestExecutionListener, org.springframework.test.context.event.ApplicationEventsTestExecutionListener, org.springframework.test.context.support.DependencyInjectionTestExecutionListener, org.springframework.test.context.support.DirtiesContextTestExecutionListener, org.springframework.test.context.transaction.TransactionalTestExecutionListener, org.springframework.test.context.jdbc.SqlScriptsTestExecutionListener, org.springframework.test.context.event.EventPublishingTestExecutionListener]
17:26:16.349 [Test worker] DEBUG org.springframework.boot.test.context.SpringBootTestContextBootstrapper - Skipping candidate TestExecutionListener [org.springframework.test.context.transaction.TransactionalTestExecutionListener] due to a missing dependency. Specify custom listener classes or make the default listener classes and their required dependencies available. Offending class: [org/springframework/transaction/interceptor/TransactionAttributeSource]
17:26:16.349 [Test worker] DEBUG org.springframework.boot.test.context.SpringBootTestContextBootstrapper - Skipping candidate TestExecutionListener [org.springframework.test.context.jdbc.SqlScriptsTestExecutionListener] due to a missing dependency. Specify custom listener classes or make the default listener classes and their required dependencies available. Offending class: [org/springframework/transaction/interceptor/TransactionAttribute]
17:26:16.349 [Test worker] INFO org.springframework.boot.test.context.SpringBootTestContextBootstrapper - Using TestExecutionListeners: [org.springframework.test.context.web.ServletTestExecutionListener@5c8eee0f, org.springframework.test.context.support.DirtiesContextBeforeModesTestExecutionListener@565b064f, org.springframework.test.context.event.ApplicationEventsTestExecutionListener@26425897, org.springframework.boot.test.mock.mockito.MockitoTestExecutionListener@73163d48, org.springframework.boot.test.autoconfigure.SpringBootDependencyInjectionTestExecutionListener@58c34bb3, org.springframework.test.context.support.DirtiesContextTestExecutionListener@56a4479a, org.springframework.test.context.event.EventPublishingTestExecutionListener@62163b39, org.springframework.boot.test.autoconfigure.restdocs.RestDocsTestExecutionListener@20a8a64e, org.springframework.boot.test.autoconfigure.web.client.MockRestServiceServerResetTestExecutionListener@62f4ff3b, org.springframework.boot.test.autoconfigure.web.servlet.MockMvcPrintOnlyOnFailureTestExecutionListener@1698fc68, org.springframework.boot.test.autoconfigure.web.servlet.WebDriverTestExecutionListener@4504d271, org.springframework.boot.test.autoconfigure.webservices.client.MockWebServiceServerTestExecutionListener@207b8649, org.springframework.boot.test.mock.mockito.ResetMocksTestExecutionListener@65b3a85a]
17:26:16.351 [Test worker] DEBUG org.springframework.test.context.support.AbstractDirtiesContextTestExecutionListener - Before test class: context [DefaultTestContext@b78a709 testClass = BlackjackApplicationTests, testInstance = [null], testMethod = [null], testException = [null], mergedContextConfiguration = [WebMergedContextConfiguration@30bcf3c1 testClass = BlackjackApplicationTests, locations = '{}', classes = '{class com.edwinkam.blackjack.BlackjackApplication}', contextInitializerClasses = '[]', activeProfiles = '{}', propertySourceLocations = '{}', propertySourceProperties = '{org.springframework.boot.test.context.SpringBootTestContextBootstrapper=true}', contextCustomizers = set[org.springframework.boot.test.autoconfigure.actuate.metrics.MetricsExportContextCustomizerFactory$DisableMetricExportContextCustomizer@225129c, org.springframework.boot.test.autoconfigure.properties.PropertyMappingContextCustomizer@0, org.springframework.boot.test.autoconfigure.web.servlet.WebDriverContextCustomizerFactory$Customizer@20c0a64d, org.springframework.boot.test.context.filter.ExcludeFilterContextCustomizer@41ab013, org.springframework.boot.test.json.DuplicateJsonObjectContextCustomizerFactory$DuplicateJsonObjectContextCustomizer@82ea68c, org.springframework.boot.test.mock.mockito.MockitoContextCustomizer@0, org.springframework.boot.test.web.client.TestRestTemplateContextCustomizer@babafc2, org.springframework.boot.test.context.SpringBootTestArgs@1, org.springframework.boot.test.context.SpringBootTestWebEnvironment@131ef10], resourceBasePath = 'src/main/webapp', contextLoader = 'org.springframework.boot.test.context.SpringBootContextLoader', parent = [null]], attributes = map['org.springframework.test.context.web.ServletTestExecutionListener.activateListener' -> true]], class annotated with @DirtiesContext [false] with mode [null].
17:26:16.371 [Test worker] DEBUG org.springframework.boot.ApplicationServletEnvironment - Activating profiles []
17:26:16.372 [Test worker] DEBUG org.springframework.test.context.support.TestPropertySourceUtils - Adding inlined properties to environment: {spring.jmx.enabled=false, org.springframework.boot.test.context.SpringBootTestContextBootstrapper=true}

  .   ____          _            __ _ _
 /\\ / ___'_ __ _ _(_)_ __  __ _ \ \ \ \
( ( )\___ | '_ | '_| | '_ \/ _` | \ \ \ \
 \\/  ___)| |_)| | | | | || (_| |  ) ) ) )
  '  |____| .__|_| |_|_| |_\__, | / / / /
 =========|_|==============|___/=/_/_/_/
 :: Spring Boot ::                (v2.6.1)

2024-01-03 17:26:21.519  INFO 70884 --- [    Test worker] c.e.blackjack.BlackjackApplicationTests  : Starting BlackjackApplicationTests using Java 17.0.7 on Edwins-MacBook-Pro.local with PID 70884 (started by edwinkam in /Users/edwinkam/Documents/projects/blackjack-server)
2024-01-03 17:26:21.519  INFO 70884 --- [    Test worker] c.e.blackjack.BlackjackApplicationTests  : No active profile set, falling back to default profiles: default
2024-01-03 17:26:22.066  INFO 70884 --- [    Test worker] c.e.blackjack.BlackjackApplicationTests  : Started BlackjackApplicationTests in 5.693 seconds (JVM running for 6.23)
]]></system-out>
  <system-err><![CDATA[]]></system-err>
</testsuite>
