<?xml version="1.0" encoding="UTF-8"?>
<testsuite name="com.edwinkam.blackjack.BlackjackApplicationTests" tests="1" skipped="0" failures="0" errors="0" timestamp="2024-01-12T02:01:49" hostname="Edwins-MacBook-Pro.local" time="0.179">
  <properties/>
  <testcase name="contextLoads()" classname="com.edwinkam.blackjack.BlackjackApplicationTests" time="0.179"/>
  <system-out><![CDATA[18:01:43.955 [Test worker] DEBUG org.springframework.test.context.BootstrapUtils - Instantiating CacheAwareContextLoaderDelegate from class [org.springframework.test.context.cache.DefaultCacheAwareContextLoaderDelegate]
18:01:43.960 [Test worker] DEBUG org.springframework.test.context.BootstrapUtils - Instantiating BootstrapContext using constructor [public org.springframework.test.context.support.DefaultBootstrapContext(java.lang.Class,org.springframework.test.context.CacheAwareContextLoaderDelegate)]
18:01:43.976 [Test worker] DEBUG org.springframework.test.context.BootstrapUtils - Instantiating TestContextBootstrapper for test class [com.edwinkam.blackjack.BlackjackApplicationTests] from class [org.springframework.boot.test.context.SpringBootTestContextBootstrapper]
18:01:43.982 [Test worker] INFO org.springframework.boot.test.context.SpringBootTestContextBootstrapper - Neither @ContextConfiguration nor @ContextHierarchy found for test class [com.edwinkam.blackjack.BlackjackApplicationTests], using SpringBootContextLoader
18:01:43.983 [Test worker] DEBUG org.springframework.test.context.support.AbstractContextLoader - Did not detect default resource location for test class [com.edwinkam.blackjack.BlackjackApplicationTests]: class path resource [com/edwinkam/blackjack/BlackjackApplicationTests-context.xml] does not exist
18:01:43.984 [Test worker] DEBUG org.springframework.test.context.support.AbstractContextLoader - Did not detect default resource location for test class [com.edwinkam.blackjack.BlackjackApplicationTests]: class path resource [com/edwinkam/blackjack/BlackjackApplicationTestsContext.groovy] does not exist
18:01:43.984 [Test worker] INFO org.springframework.test.context.support.AbstractContextLoader - Could not detect default resource locations for test class [com.edwinkam.blackjack.BlackjackApplicationTests]: no resource found for suffixes {-context.xml, Context.groovy}.
18:01:43.984 [Test worker] INFO org.springframework.test.context.support.AnnotationConfigContextLoaderUtils - Could not detect default configuration classes for test class [com.edwinkam.blackjack.BlackjackApplicationTests]: BlackjackApplicationTests does not declare any static, non-private, non-final, nested classes annotated with @Configuration.
18:01:44.002 [Test worker] DEBUG org.springframework.test.context.support.ActiveProfilesUtils - Could not find an 'annotation declaring class' for annotation type [org.springframework.test.context.ActiveProfiles] and class [com.edwinkam.blackjack.BlackjackApplicationTests]
18:01:44.028 [Test worker] DEBUG org.springframework.context.annotation.ClassPathScanningCandidateComponentProvider - Identified candidate component class: file [/Users/edwinkam/Documents/projects/blackjack-server/build/classes/java/main/com/edwinkam/blackjack/BlackjackApplication.class]
18:01:44.028 [Test worker] INFO org.springframework.boot.test.context.SpringBootTestContextBootstrapper - Found @SpringBootConfiguration com.edwinkam.blackjack.BlackjackApplication for test class com.edwinkam.blackjack.BlackjackApplicationTests
18:01:44.066 [Test worker] DEBUG org.springframework.boot.test.context.SpringBootTestContextBootstrapper - @TestExecutionListeners is not present for class [com.edwinkam.blackjack.BlackjackApplicationTests]: using defaults.
18:01:44.066 [Test worker] INFO org.springframework.boot.test.context.SpringBootTestContextBootstrapper - Loaded default TestExecutionListener class names from location [META-INF/spring.factories]: [org.springframework.boot.test.autoconfigure.restdocs.RestDocsTestExecutionListener, org.springframework.boot.test.autoconfigure.web.client.MockRestServiceServerResetTestExecutionListener, org.springframework.boot.test.autoconfigure.web.servlet.MockMvcPrintOnlyOnFailureTestExecutionListener, org.springframework.boot.test.autoconfigure.web.servlet.WebDriverTestExecutionListener, org.springframework.boot.test.autoconfigure.webservices.client.MockWebServiceServerTestExecutionListener, org.springframework.boot.test.mock.mockito.MockitoTestExecutionListener, org.springframework.boot.test.mock.mockito.ResetMocksTestExecutionListener, org.springframework.test.context.web.ServletTestExecutionListener, org.springframework.test.context.support.DirtiesContextBeforeModesTestExecutionListener, org.springframework.test.context.event.ApplicationEventsTestExecutionListener, org.springframework.test.context.support.DependencyInjectionTestExecutionListener, org.springframework.test.context.support.DirtiesContextTestExecutionListener, org.springframework.test.context.transaction.TransactionalTestExecutionListener, org.springframework.test.context.jdbc.SqlScriptsTestExecutionListener, org.springframework.test.context.event.EventPublishingTestExecutionListener]
18:01:44.071 [Test worker] DEBUG org.springframework.boot.test.context.SpringBootTestContextBootstrapper - Skipping candidate TestExecutionListener [org.springframework.test.context.transaction.TransactionalTestExecutionListener] due to a missing dependency. Specify custom listener classes or make the default listener classes and their required dependencies available. Offending class: [org/springframework/transaction/interceptor/TransactionAttributeSource]
18:01:44.071 [Test worker] DEBUG org.springframework.boot.test.context.SpringBootTestContextBootstrapper - Skipping candidate TestExecutionListener [org.springframework.test.context.jdbc.SqlScriptsTestExecutionListener] due to a missing dependency. Specify custom listener classes or make the default listener classes and their required dependencies available. Offending class: [org/springframework/transaction/interceptor/TransactionAttribute]
18:01:44.071 [Test worker] INFO org.springframework.boot.test.context.SpringBootTestContextBootstrapper - Using TestExecutionListeners: [org.springframework.test.context.web.ServletTestExecutionListener@2bb7bd00, org.springframework.test.context.support.DirtiesContextBeforeModesTestExecutionListener@5f031ebd, org.springframework.test.context.event.ApplicationEventsTestExecutionListener@4ee37ca3, org.springframework.boot.test.mock.mockito.MockitoTestExecutionListener@45c8d09f, org.springframework.boot.test.autoconfigure.SpringBootDependencyInjectionTestExecutionListener@53812a9b, org.springframework.test.context.support.DirtiesContextTestExecutionListener@14b030a0, org.springframework.test.context.event.EventPublishingTestExecutionListener@41e350f1, org.springframework.boot.test.autoconfigure.restdocs.RestDocsTestExecutionListener@422c3c7a, org.springframework.boot.test.autoconfigure.web.client.MockRestServiceServerResetTestExecutionListener@18230356, org.springframework.boot.test.autoconfigure.web.servlet.MockMvcPrintOnlyOnFailureTestExecutionListener@d8305c2, org.springframework.boot.test.autoconfigure.web.servlet.WebDriverTestExecutionListener@56bca85b, org.springframework.boot.test.autoconfigure.webservices.client.MockWebServiceServerTestExecutionListener@75d0911a, org.springframework.boot.test.mock.mockito.ResetMocksTestExecutionListener@75e91545]
18:01:44.072 [Test worker] DEBUG org.springframework.test.context.support.AbstractDirtiesContextTestExecutionListener - Before test class: context [DefaultTestContext@75c9e76b testClass = BlackjackApplicationTests, testInstance = [null], testMethod = [null], testException = [null], mergedContextConfiguration = [WebMergedContextConfiguration@7446d8d5 testClass = BlackjackApplicationTests, locations = '{}', classes = '{class com.edwinkam.blackjack.BlackjackApplication}', contextInitializerClasses = '[]', activeProfiles = '{}', propertySourceLocations = '{}', propertySourceProperties = '{org.springframework.boot.test.context.SpringBootTestContextBootstrapper=true}', contextCustomizers = set[org.springframework.boot.test.autoconfigure.actuate.metrics.MetricsExportContextCustomizerFactory$DisableMetricExportContextCustomizer@6c2ed0cd, org.springframework.boot.test.autoconfigure.properties.PropertyMappingContextCustomizer@0, org.springframework.boot.test.autoconfigure.web.servlet.WebDriverContextCustomizerFactory$Customizer@291f18, org.springframework.boot.test.context.filter.ExcludeFilterContextCustomizer@d771cc9, org.springframework.boot.test.json.DuplicateJsonObjectContextCustomizerFactory$DuplicateJsonObjectContextCustomizer@36cda2c2, org.springframework.boot.test.mock.mockito.MockitoContextCustomizer@0, org.springframework.boot.test.web.client.TestRestTemplateContextCustomizer@38b27cdc, org.springframework.boot.test.context.SpringBootTestArgs@1, org.springframework.boot.test.context.SpringBootTestWebEnvironment@37ceb1df], resourceBasePath = 'src/main/webapp', contextLoader = 'org.springframework.boot.test.context.SpringBootContextLoader', parent = [null]], attributes = map['org.springframework.test.context.web.ServletTestExecutionListener.activateListener' -> true]], class annotated with @DirtiesContext [false] with mode [null].
18:01:44.090 [Test worker] DEBUG org.springframework.boot.ApplicationServletEnvironment - Activating profiles []
18:01:44.091 [Test worker] DEBUG org.springframework.test.context.support.TestPropertySourceUtils - Adding inlined properties to environment: {spring.jmx.enabled=false, org.springframework.boot.test.context.SpringBootTestContextBootstrapper=true}

  .   ____          _            __ _ _
 /\\ / ___'_ __ _ _(_)_ __  __ _ \ \ \ \
( ( )\___ | '_ | '_| | '_ \/ _` | \ \ \ \
 \\/  ___)| |_)| | | | | || (_| |  ) ) ) )
  '  |____| .__|_| |_|_| |_\__, | / / / /
 =========|_|==============|___/=/_/_/_/
 :: Spring Boot ::                (v2.6.1)

2024-01-11 18:01:49.231  INFO 17483 --- [    Test worker] c.e.blackjack.BlackjackApplicationTests  : Starting BlackjackApplicationTests using Java 17.0.7 on Edwins-MacBook-Pro.local with PID 17483 (started by edwinkam in /Users/edwinkam/Documents/projects/blackjack-server)
2024-01-11 18:01:49.231  INFO 17483 --- [    Test worker] c.e.blackjack.BlackjackApplicationTests  : No active profile set, falling back to default profiles: default
2024-01-11 18:01:49.805  INFO 17483 --- [    Test worker] c.e.blackjack.BlackjackApplicationTests  : Started BlackjackApplicationTests in 5.713 seconds (JVM running for 6.251)
]]></system-out>
  <system-err><![CDATA[]]></system-err>
</testsuite>
