<?xml version="1.0" encoding="UTF-8"?>
<testsuite name="com.edwinkam.blackjack.BlackjackApplicationTests" tests="1" skipped="0" failures="0" errors="0" timestamp="2024-01-03T23:19:18" hostname="Edwins-MacBook-Pro.local" time="0.168">
  <properties/>
  <testcase name="contextLoads()" classname="com.edwinkam.blackjack.BlackjackApplicationTests" time="0.168"/>
  <system-out><![CDATA[15:19:12.502 [Test worker] DEBUG org.springframework.test.context.BootstrapUtils - Instantiating CacheAwareContextLoaderDelegate from class [org.springframework.test.context.cache.DefaultCacheAwareContextLoaderDelegate]
15:19:12.506 [Test worker] DEBUG org.springframework.test.context.BootstrapUtils - Instantiating BootstrapContext using constructor [public org.springframework.test.context.support.DefaultBootstrapContext(java.lang.Class,org.springframework.test.context.CacheAwareContextLoaderDelegate)]
15:19:12.521 [Test worker] DEBUG org.springframework.test.context.BootstrapUtils - Instantiating TestContextBootstrapper for test class [com.edwinkam.blackjack.BlackjackApplicationTests] from class [org.springframework.boot.test.context.SpringBootTestContextBootstrapper]
15:19:12.525 [Test worker] INFO org.springframework.boot.test.context.SpringBootTestContextBootstrapper - Neither @ContextConfiguration nor @ContextHierarchy found for test class [com.edwinkam.blackjack.BlackjackApplicationTests], using SpringBootContextLoader
15:19:12.526 [Test worker] DEBUG org.springframework.test.context.support.AbstractContextLoader - Did not detect default resource location for test class [com.edwinkam.blackjack.BlackjackApplicationTests]: class path resource [com/edwinkam/blackjack/BlackjackApplicationTests-context.xml] does not exist
15:19:12.527 [Test worker] DEBUG org.springframework.test.context.support.AbstractContextLoader - Did not detect default resource location for test class [com.edwinkam.blackjack.BlackjackApplicationTests]: class path resource [com/edwinkam/blackjack/BlackjackApplicationTestsContext.groovy] does not exist
15:19:12.527 [Test worker] INFO org.springframework.test.context.support.AbstractContextLoader - Could not detect default resource locations for test class [com.edwinkam.blackjack.BlackjackApplicationTests]: no resource found for suffixes {-context.xml, Context.groovy}.
15:19:12.527 [Test worker] INFO org.springframework.test.context.support.AnnotationConfigContextLoaderUtils - Could not detect default configuration classes for test class [com.edwinkam.blackjack.BlackjackApplicationTests]: BlackjackApplicationTests does not declare any static, non-private, non-final, nested classes annotated with @Configuration.
15:19:12.541 [Test worker] DEBUG org.springframework.test.context.support.ActiveProfilesUtils - Could not find an 'annotation declaring class' for annotation type [org.springframework.test.context.ActiveProfiles] and class [com.edwinkam.blackjack.BlackjackApplicationTests]
15:19:12.566 [Test worker] DEBUG org.springframework.context.annotation.ClassPathScanningCandidateComponentProvider - Identified candidate component class: file [/Users/edwinkam/Documents/projects/blackjack-server/build/classes/java/main/com/edwinkam/blackjack/BlackjackApplication.class]
15:19:12.567 [Test worker] INFO org.springframework.boot.test.context.SpringBootTestContextBootstrapper - Found @SpringBootConfiguration com.edwinkam.blackjack.BlackjackApplication for test class com.edwinkam.blackjack.BlackjackApplicationTests
15:19:12.603 [Test worker] DEBUG org.springframework.boot.test.context.SpringBootTestContextBootstrapper - @TestExecutionListeners is not present for class [com.edwinkam.blackjack.BlackjackApplicationTests]: using defaults.
15:19:12.603 [Test worker] INFO org.springframework.boot.test.context.SpringBootTestContextBootstrapper - Loaded default TestExecutionListener class names from location [META-INF/spring.factories]: [org.springframework.boot.test.autoconfigure.restdocs.RestDocsTestExecutionListener, org.springframework.boot.test.autoconfigure.web.client.MockRestServiceServerResetTestExecutionListener, org.springframework.boot.test.autoconfigure.web.servlet.MockMvcPrintOnlyOnFailureTestExecutionListener, org.springframework.boot.test.autoconfigure.web.servlet.WebDriverTestExecutionListener, org.springframework.boot.test.autoconfigure.webservices.client.MockWebServiceServerTestExecutionListener, org.springframework.boot.test.mock.mockito.MockitoTestExecutionListener, org.springframework.boot.test.mock.mockito.ResetMocksTestExecutionListener, org.springframework.test.context.web.ServletTestExecutionListener, org.springframework.test.context.support.DirtiesContextBeforeModesTestExecutionListener, org.springframework.test.context.event.ApplicationEventsTestExecutionListener, org.springframework.test.context.support.DependencyInjectionTestExecutionListener, org.springframework.test.context.support.DirtiesContextTestExecutionListener, org.springframework.test.context.transaction.TransactionalTestExecutionListener, org.springframework.test.context.jdbc.SqlScriptsTestExecutionListener, org.springframework.test.context.event.EventPublishingTestExecutionListener]
15:19:12.607 [Test worker] DEBUG org.springframework.boot.test.context.SpringBootTestContextBootstrapper - Skipping candidate TestExecutionListener [org.springframework.test.context.transaction.TransactionalTestExecutionListener] due to a missing dependency. Specify custom listener classes or make the default listener classes and their required dependencies available. Offending class: [org/springframework/transaction/interceptor/TransactionAttributeSource]
15:19:12.608 [Test worker] DEBUG org.springframework.boot.test.context.SpringBootTestContextBootstrapper - Skipping candidate TestExecutionListener [org.springframework.test.context.jdbc.SqlScriptsTestExecutionListener] due to a missing dependency. Specify custom listener classes or make the default listener classes and their required dependencies available. Offending class: [org/springframework/transaction/interceptor/TransactionAttribute]
15:19:12.608 [Test worker] INFO org.springframework.boot.test.context.SpringBootTestContextBootstrapper - Using TestExecutionListeners: [org.springframework.test.context.web.ServletTestExecutionListener@41e350f1, org.springframework.test.context.support.DirtiesContextBeforeModesTestExecutionListener@422c3c7a, org.springframework.test.context.event.ApplicationEventsTestExecutionListener@18230356, org.springframework.boot.test.mock.mockito.MockitoTestExecutionListener@d8305c2, org.springframework.boot.test.autoconfigure.SpringBootDependencyInjectionTestExecutionListener@56bca85b, org.springframework.test.context.support.DirtiesContextTestExecutionListener@75d0911a, org.springframework.test.context.event.EventPublishingTestExecutionListener@75e91545, org.springframework.boot.test.autoconfigure.restdocs.RestDocsTestExecutionListener@60d1a32f, org.springframework.boot.test.autoconfigure.web.client.MockRestServiceServerResetTestExecutionListener@531c311e, org.springframework.boot.test.autoconfigure.web.servlet.MockMvcPrintOnlyOnFailureTestExecutionListener@22b53226, org.springframework.boot.test.autoconfigure.web.servlet.WebDriverTestExecutionListener@1fcb4808, org.springframework.boot.test.autoconfigure.webservices.client.MockWebServiceServerTestExecutionListener@726e5805, org.springframework.boot.test.mock.mockito.ResetMocksTestExecutionListener@40c80397]
15:19:12.609 [Test worker] DEBUG org.springframework.test.context.support.AbstractDirtiesContextTestExecutionListener - Before test class: context [DefaultTestContext@306851c7 testClass = BlackjackApplicationTests, testInstance = [null], testMethod = [null], testException = [null], mergedContextConfiguration = [WebMergedContextConfiguration@12bcd0c0 testClass = BlackjackApplicationTests, locations = '{}', classes = '{class com.edwinkam.blackjack.BlackjackApplication}', contextInitializerClasses = '[]', activeProfiles = '{}', propertySourceLocations = '{}', propertySourceProperties = '{org.springframework.boot.test.context.SpringBootTestContextBootstrapper=true}', contextCustomizers = set[org.springframework.boot.test.autoconfigure.actuate.metrics.MetricsExportContextCustomizerFactory$DisableMetricExportContextCustomizer@4ebff610, org.springframework.boot.test.autoconfigure.properties.PropertyMappingContextCustomizer@0, org.springframework.boot.test.autoconfigure.web.servlet.WebDriverContextCustomizerFactory$Customizer@36b4091c, org.springframework.boot.test.context.filter.ExcludeFilterContextCustomizer@5b367418, org.springframework.boot.test.json.DuplicateJsonObjectContextCustomizerFactory$DuplicateJsonObjectContextCustomizer@46b61c56, org.springframework.boot.test.mock.mockito.MockitoContextCustomizer@0, org.springframework.boot.test.web.client.TestRestTemplateContextCustomizer@12359a82, org.springframework.boot.test.context.SpringBootTestArgs@1, org.springframework.boot.test.context.SpringBootTestWebEnvironment@4c39bec8], resourceBasePath = 'src/main/webapp', contextLoader = 'org.springframework.boot.test.context.SpringBootContextLoader', parent = [null]], attributes = map['org.springframework.test.context.web.ServletTestExecutionListener.activateListener' -> true]], class annotated with @DirtiesContext [false] with mode [null].
15:19:12.627 [Test worker] DEBUG org.springframework.boot.ApplicationServletEnvironment - Activating profiles []
15:19:12.627 [Test worker] DEBUG org.springframework.test.context.support.TestPropertySourceUtils - Adding inlined properties to environment: {spring.jmx.enabled=false, org.springframework.boot.test.context.SpringBootTestContextBootstrapper=true}

  .   ____          _            __ _ _
 /\\ / ___'_ __ _ _(_)_ __  __ _ \ \ \ \
( ( )\___ | '_ | '_| | '_ \/ _` | \ \ \ \
 \\/  ___)| |_)| | | | | || (_| |  ) ) ) )
  '  |____| .__|_| |_|_| |_\__, | / / / /
 =========|_|==============|___/=/_/_/_/
 :: Spring Boot ::                (v2.6.1)

2024-01-03 15:19:17.775  INFO 60400 --- [    Test worker] c.e.blackjack.BlackjackApplicationTests  : Starting BlackjackApplicationTests using Java 17.0.7 on Edwins-MacBook-Pro.local with PID 60400 (started by edwinkam in /Users/edwinkam/Documents/projects/blackjack-server)
2024-01-03 15:19:17.776  INFO 60400 --- [    Test worker] c.e.blackjack.BlackjackApplicationTests  : No active profile set, falling back to default profiles: default
2024-01-03 15:19:18.297  INFO 60400 --- [    Test worker] c.e.blackjack.BlackjackApplicationTests  : Started BlackjackApplicationTests in 5.669 seconds (JVM running for 6.142)
]]></system-out>
  <system-err><![CDATA[]]></system-err>
</testsuite>
