<?xml version="1.0" encoding="UTF-8"?>
<testsuite name="com.edwinkam.blackjack.BlackjackApplicationTests" tests="1" skipped="0" failures="0" errors="0" timestamp="2024-01-14T09:13:59" hostname="Edwins-MacBook-Pro.local" time="0.148">
  <properties/>
  <testcase name="contextLoads()" classname="com.edwinkam.blackjack.BlackjackApplicationTests" time="0.148"/>
  <system-out><![CDATA[01:13:54.122 [Test worker] DEBUG org.springframework.test.context.BootstrapUtils - Instantiating CacheAwareContextLoaderDelegate from class [org.springframework.test.context.cache.DefaultCacheAwareContextLoaderDelegate]
01:13:54.127 [Test worker] DEBUG org.springframework.test.context.BootstrapUtils - Instantiating BootstrapContext using constructor [public org.springframework.test.context.support.DefaultBootstrapContext(java.lang.Class,org.springframework.test.context.CacheAwareContextLoaderDelegate)]
01:13:54.140 [Test worker] DEBUG org.springframework.test.context.BootstrapUtils - Instantiating TestContextBootstrapper for test class [com.edwinkam.blackjack.BlackjackApplicationTests] from class [org.springframework.boot.test.context.SpringBootTestContextBootstrapper]
01:13:54.144 [Test worker] INFO org.springframework.boot.test.context.SpringBootTestContextBootstrapper - Neither @ContextConfiguration nor @ContextHierarchy found for test class [com.edwinkam.blackjack.BlackjackApplicationTests], using SpringBootContextLoader
01:13:54.146 [Test worker] DEBUG org.springframework.test.context.support.AbstractContextLoader - Did not detect default resource location for test class [com.edwinkam.blackjack.BlackjackApplicationTests]: class path resource [com/edwinkam/blackjack/BlackjackApplicationTests-context.xml] does not exist
01:13:54.146 [Test worker] DEBUG org.springframework.test.context.support.AbstractContextLoader - Did not detect default resource location for test class [com.edwinkam.blackjack.BlackjackApplicationTests]: class path resource [com/edwinkam/blackjack/BlackjackApplicationTestsContext.groovy] does not exist
01:13:54.146 [Test worker] INFO org.springframework.test.context.support.AbstractContextLoader - Could not detect default resource locations for test class [com.edwinkam.blackjack.BlackjackApplicationTests]: no resource found for suffixes {-context.xml, Context.groovy}.
01:13:54.146 [Test worker] INFO org.springframework.test.context.support.AnnotationConfigContextLoaderUtils - Could not detect default configuration classes for test class [com.edwinkam.blackjack.BlackjackApplicationTests]: BlackjackApplicationTests does not declare any static, non-private, non-final, nested classes annotated with @Configuration.
01:13:54.161 [Test worker] DEBUG org.springframework.test.context.support.ActiveProfilesUtils - Could not find an 'annotation declaring class' for annotation type [org.springframework.test.context.ActiveProfiles] and class [com.edwinkam.blackjack.BlackjackApplicationTests]
01:13:54.184 [Test worker] DEBUG org.springframework.context.annotation.ClassPathScanningCandidateComponentProvider - Identified candidate component class: file [/Users/edwinkam/Documents/projects/blackjack-server/build/classes/java/main/com/edwinkam/blackjack/BlackjackApplication.class]
01:13:54.185 [Test worker] INFO org.springframework.boot.test.context.SpringBootTestContextBootstrapper - Found @SpringBootConfiguration com.edwinkam.blackjack.BlackjackApplication for test class com.edwinkam.blackjack.BlackjackApplicationTests
01:13:54.216 [Test worker] DEBUG org.springframework.boot.test.context.SpringBootTestContextBootstrapper - @TestExecutionListeners is not present for class [com.edwinkam.blackjack.BlackjackApplicationTests]: using defaults.
01:13:54.217 [Test worker] INFO org.springframework.boot.test.context.SpringBootTestContextBootstrapper - Loaded default TestExecutionListener class names from location [META-INF/spring.factories]: [org.springframework.boot.test.autoconfigure.restdocs.RestDocsTestExecutionListener, org.springframework.boot.test.autoconfigure.web.client.MockRestServiceServerResetTestExecutionListener, org.springframework.boot.test.autoconfigure.web.servlet.MockMvcPrintOnlyOnFailureTestExecutionListener, org.springframework.boot.test.autoconfigure.web.servlet.WebDriverTestExecutionListener, org.springframework.boot.test.autoconfigure.webservices.client.MockWebServiceServerTestExecutionListener, org.springframework.boot.test.mock.mockito.MockitoTestExecutionListener, org.springframework.boot.test.mock.mockito.ResetMocksTestExecutionListener, org.springframework.test.context.web.ServletTestExecutionListener, org.springframework.test.context.support.DirtiesContextBeforeModesTestExecutionListener, org.springframework.test.context.event.ApplicationEventsTestExecutionListener, org.springframework.test.context.support.DependencyInjectionTestExecutionListener, org.springframework.test.context.support.DirtiesContextTestExecutionListener, org.springframework.test.context.transaction.TransactionalTestExecutionListener, org.springframework.test.context.jdbc.SqlScriptsTestExecutionListener, org.springframework.test.context.event.EventPublishingTestExecutionListener]
01:13:54.221 [Test worker] DEBUG org.springframework.boot.test.context.SpringBootTestContextBootstrapper - Skipping candidate TestExecutionListener [org.springframework.test.context.transaction.TransactionalTestExecutionListener] due to a missing dependency. Specify custom listener classes or make the default listener classes and their required dependencies available. Offending class: [org/springframework/transaction/interceptor/TransactionAttributeSource]
01:13:54.221 [Test worker] DEBUG org.springframework.boot.test.context.SpringBootTestContextBootstrapper - Skipping candidate TestExecutionListener [org.springframework.test.context.jdbc.SqlScriptsTestExecutionListener] due to a missing dependency. Specify custom listener classes or make the default listener classes and their required dependencies available. Offending class: [org/springframework/transaction/interceptor/TransactionAttribute]
01:13:54.221 [Test worker] INFO org.springframework.boot.test.context.SpringBootTestContextBootstrapper - Using TestExecutionListeners: [org.springframework.test.context.web.ServletTestExecutionListener@4ee37ca3, org.springframework.test.context.support.DirtiesContextBeforeModesTestExecutionListener@45c8d09f, org.springframework.test.context.event.ApplicationEventsTestExecutionListener@53812a9b, org.springframework.boot.test.mock.mockito.MockitoTestExecutionListener@14b030a0, org.springframework.boot.test.autoconfigure.SpringBootDependencyInjectionTestExecutionListener@41e350f1, org.springframework.test.context.support.DirtiesContextTestExecutionListener@422c3c7a, org.springframework.test.context.event.EventPublishingTestExecutionListener@18230356, org.springframework.boot.test.autoconfigure.restdocs.RestDocsTestExecutionListener@d8305c2, org.springframework.boot.test.autoconfigure.web.client.MockRestServiceServerResetTestExecutionListener@56bca85b, org.springframework.boot.test.autoconfigure.web.servlet.MockMvcPrintOnlyOnFailureTestExecutionListener@75d0911a, org.springframework.boot.test.autoconfigure.web.servlet.WebDriverTestExecutionListener@75e91545, org.springframework.boot.test.autoconfigure.webservices.client.MockWebServiceServerTestExecutionListener@60d1a32f, org.springframework.boot.test.mock.mockito.ResetMocksTestExecutionListener@531c311e]
01:13:54.222 [Test worker] DEBUG org.springframework.test.context.support.AbstractDirtiesContextTestExecutionListener - Before test class: context [DefaultTestContext@5c3b6c6e testClass = BlackjackApplicationTests, testInstance = [null], testMethod = [null], testException = [null], mergedContextConfiguration = [WebMergedContextConfiguration@4fbda97b testClass = BlackjackApplicationTests, locations = '{}', classes = '{class com.edwinkam.blackjack.BlackjackApplication}', contextInitializerClasses = '[]', activeProfiles = '{}', propertySourceLocations = '{}', propertySourceProperties = '{org.springframework.boot.test.context.SpringBootTestContextBootstrapper=true}', contextCustomizers = set[org.springframework.boot.test.autoconfigure.actuate.metrics.MetricsExportContextCustomizerFactory$DisableMetricExportContextCustomizer@51133c06, org.springframework.boot.test.autoconfigure.properties.PropertyMappingContextCustomizer@0, org.springframework.boot.test.autoconfigure.web.servlet.WebDriverContextCustomizerFactory$Customizer@16eccb2e, org.springframework.boot.test.context.filter.ExcludeFilterContextCustomizer@36cda2c2, org.springframework.boot.test.json.DuplicateJsonObjectContextCustomizerFactory$DuplicateJsonObjectContextCustomizer@5b367418, org.springframework.boot.test.mock.mockito.MockitoContextCustomizer@0, org.springframework.boot.test.web.client.TestRestTemplateContextCustomizer@49c66ade, org.springframework.boot.test.context.SpringBootTestArgs@1, org.springframework.boot.test.context.SpringBootTestWebEnvironment@77f1baf5], resourceBasePath = 'src/main/webapp', contextLoader = 'org.springframework.boot.test.context.SpringBootContextLoader', parent = [null]], attributes = map['org.springframework.test.context.web.ServletTestExecutionListener.activateListener' -> true]], class annotated with @DirtiesContext [false] with mode [null].
01:13:54.239 [Test worker] DEBUG org.springframework.boot.ApplicationServletEnvironment - Activating profiles []
01:13:54.239 [Test worker] DEBUG org.springframework.test.context.support.TestPropertySourceUtils - Adding inlined properties to environment: {spring.jmx.enabled=false, org.springframework.boot.test.context.SpringBootTestContextBootstrapper=true}

  .   ____          _            __ _ _
 /\\ / ___'_ __ _ _(_)_ __  __ _ \ \ \ \
( ( )\___ | '_ | '_| | '_ \/ _` | \ \ \ \
 \\/  ___)| |_)| | | | | || (_| |  ) ) ) )
  '  |____| .__|_| |_|_| |_\__, | / / / /
 =========|_|==============|___/=/_/_/_/
 :: Spring Boot ::                (v2.6.1)

2024-01-14 01:13:59.363  INFO 40742 --- [    Test worker] c.e.blackjack.BlackjackApplicationTests  : Starting BlackjackApplicationTests using Java 17.0.3 on Edwins-MacBook-Pro.local with PID 40742 (started by edwinkam in /Users/edwinkam/Documents/projects/blackjack-server)
2024-01-14 01:13:59.364  INFO 40742 --- [    Test worker] c.e.blackjack.BlackjackApplicationTests  : No active profile set, falling back to default profiles: default
2024-01-14 01:13:59.905  INFO 40742 --- [    Test worker] c.e.blackjack.BlackjackApplicationTests  : Started BlackjackApplicationTests in 5.665 seconds (JVM running for 6.109)
]]></system-out>
  <system-err><![CDATA[]]></system-err>
</testsuite>
